c:\svn\data structure\data_structures-\datastructure\datastructure\x64\debug\vc145.pdb
c:\svn\data structure\data_structures-\datastructure\datastructure\x64\debug\vc145.idb
c:\svn\data structure\data_structures-\datastructure\datastructure\x64\debug\imgui_widgets.obj
c:\svn\data structure\data_structures-\datastructure\datastructure\x64\debug\imgui_tables.obj
c:\svn\data structure\data_structures-\datastructure\datastructure\x64\debug\imgui_draw.obj
c:\svn\data structure\data_structures-\datastructure\datastructure\x64\debug\imgui.obj
c:\svn\data structure\data_structures-\datastructure\datastructure\x64\debug\imgui_impl_opengl3.obj
c:\svn\data structure\data_structures-\datastructure\datastructure\x64\debug\main.obj
c:\svn\data structure\data_structures-\datastructure\datastructure\x64\debug\imgui_impl_glfw.obj
c:\svn\data structure\data_structures-\datastructure\x64\debug\datastructure.pdb
c:\svn\data structure\data_structures-\datastructure\datastructure\x64\debug\datastructure.tlog\cl.command.1.tlog
c:\svn\data structure\data_structures-\datastructure\datastructure\x64\debug\datastructure.tlog\cl.read.1.tlog
c:\svn\data structure\data_structures-\datastructure\datastructure\x64\debug\datastructure.tlog\cl.write.1.tlog
c:\svn\data structure\data_structures-\datastructure\datastructure\x64\debug\datastructure.tlog\link-cvtres.read.1.tlog
c:\svn\data structure\data_structures-\datastructure\datastructure\x64\debug\datastructure.tlog\link-cvtres.write.1.tlog
c:\svn\data structure\data_structures-\datastructure\datastructure\x64\debug\datastructure.tlog\link-rc.read.1.tlog
c:\svn\data structure\data_structures-\datastructure\datastructure\x64\debug\datastructure.tlog\link-rc.write.1.tlog
c:\svn\data structure\data_structures-\datastructure\datastructure\x64\debug\datastructure.tlog\link.command.1.tlog
c:\svn\data structure\data_structures-\datastructure\datastructure\x64\debug\datastructure.tlog\link.read.1.tlog
c:\svn\data structure\data_structures-\datastructure\datastructure\x64\debug\datastructure.tlog\link.read.2.tlog
c:\svn\data structure\data_structures-\datastructure\datastructure\x64\debug\datastructure.tlog\link.write.1.tlog
